#
# There is insufficient memory for the Java Runtime Environment to continue.
# Native memory allocation (malloc) failed to allocate 1788880 bytes for Chunk::new
# Possible reasons:
#   The system is out of physical RAM or swap space
#   The process is running with CompressedOops enabled, and the Java Heap may be blocking the growth of the native heap
# Possible solutions:
#   Reduce memory load on the system
#   Increase physical memory or swap space
#   Check if swap backing store is full
#   Decrease Java heap size (-Xmx/-Xms)
#   Decrease number of Java threads
#   Decrease Java thread stack sizes (-Xss)
#   Set larger code cache with -XX:ReservedCodeCacheSize=
#   JVM is running with Zero Based Compressed Oops mode in which the Java heap is
#     placed in the first 32GB address space. The Java Heap base address is the
#     maximum limit for the native heap growth. Please use -XX:HeapBaseMinAddress
#     to set the Java Heap base and to place the Java Heap above 32GB virtual address.
# This output file may be truncated or incomplete.
#
#  Out of Memory Error (allocation.cpp:389), pid=7472, tid=0x0000000000004410
#
# JRE version: Java(TM) SE Runtime Environment (8.0_261-b12) (build 1.8.0_261-b12)
# Java VM: Java HotSpot(TM) 64-Bit Server VM (25.261-b12 mixed mode windows-amd64 compressed oops)
# Failed to write core dump. Minidumps are not enabled by default on client versions of Windows
#

---------------  T H R E A D  ---------------

Current thread (0x0000019a10267800):  JavaThread "C2 CompilerThread0" daemon [_thread_in_native, id=17424, stack(0x00000035c4a00000,0x00000035c4b00000)]

Stack: [0x00000035c4a00000,0x00000035c4b00000]
Native frames: (J=compiled Java code, j=interpreted, Vv=VM code, C=native code)
V  [jvm.dll+0x33e5f9]
V  [jvm.dll+0x2850e2]
V  [jvm.dll+0x285d8d]
V  [jvm.dll+0x27c895]
V  [jvm.dll+0xe4d6c]
V  [jvm.dll+0xe556c]
V  [jvm.dll+0x47ed35]
V  [jvm.dll+0x446ab8]
V  [jvm.dll+0x44f8f5]
V  [jvm.dll+0x44ecb5]
V  [jvm.dll+0x439bc7]
V  [jvm.dll+0xbbbcb]
V  [jvm.dll+0xba22b]
V  [jvm.dll+0x24d962]
V  [jvm.dll+0x2a1cfc]
C  [ucrtbase.dll+0x21bb2]
C  [KERNEL32.DLL+0x17034]
C  [ntdll.dll+0x52651]


Current CompileTask:
C2:   5558 3362   !   4       org.springframework.core.annotation.AnnotationsScanner::processClassHierarchy (227 bytes)


---------------  P R O C E S S  ---------------

Java Threads: ( => current thread )
  0x0000019a1182a000 JavaThread "Druid-ConnectionPool-Destroy-743171167" daemon [_thread_blocked, id=7972, stack(0x00000035c5200000,0x00000035c5300000)]
  0x0000019a1072e800 JavaThread "Druid-ConnectionPool-Create-743171167" daemon [_thread_blocked, id=13164, stack(0x00000035c5100000,0x00000035c5200000)]
  0x0000019a15978800 JavaThread "mysql-cj-abandoned-connection-cleanup" daemon [_thread_blocked, id=16368, stack(0x00000035c5000000,0x00000035c5100000)]
  0x0000019a10297800 JavaThread "Service Thread" daemon [_thread_blocked, id=26712, stack(0x00000035c4e00000,0x00000035c4f00000)]
  0x0000019a10276800 JavaThread "C1 CompilerThread3" daemon [_thread_blocked, id=30252, stack(0x00000035c4d00000,0x00000035c4e00000)]
  0x0000019a1026e800 JavaThread "C2 CompilerThread2" daemon [_thread_in_native, id=16876, stack(0x00000035c4c00000,0x00000035c4d00000)]
  0x0000019a1026b000 JavaThread "C2 CompilerThread1" daemon [_thread_in_native, id=9472, stack(0x00000035c4b00000,0x00000035c4c00000)]
=>0x0000019a10267800 JavaThread "C2 CompilerThread0" daemon [_thread_in_native, id=17424, stack(0x00000035c4a00000,0x00000035c4b00000)]
  0x0000019a10265000 JavaThread "Monitor Ctrl-Break" daemon [_thread_in_native, id=18440, stack(0x00000035c4900000,0x00000035c4a00000)]
  0x0000019a7f4ce000 JavaThread "Attach Listener" daemon [_thread_blocked, id=23780, stack(0x00000035c4800000,0x00000035c4900000)]
  0x0000019a7f4cd800 JavaThread "Signal Dispatcher" daemon [_thread_blocked, id=28784, stack(0x00000035c4700000,0x00000035c4800000)]
  0x0000019a7f445000 JavaThread "Finalizer" daemon [_thread_blocked, id=5116, stack(0x00000035c4600000,0x00000035c4700000)]
  0x0000019a7f43d800 JavaThread "Reference Handler" daemon [_thread_blocked, id=30428, stack(0x00000035c4500000,0x00000035c4600000)]
  0x0000019a738ca800 JavaThread "main" [_thread_in_vm, id=28748, stack(0x00000035c3b00000,0x00000035c3c00000)]

Other Threads:
  0x0000019a7f414000 VMThread [stack: 0x00000035c4400000,0x00000035c4500000] [id=28864]
  0x0000019a103b3000 WatcherThread [stack: 0x00000035c4f00000,0x00000035c5000000] [id=12924]

VM state:not at safepoint (normal execution)

VM Mutex/Monitor currently owned by a thread: None

heap address: 0x00000006c2a00000, size: 4054 MB, Compressed Oops mode: Zero based, Oop shift amount: 3
Narrow klass base: 0x0000000000000000, Narrow klass shift: 3
Compressed class space size: 1073741824 Address: 0x00000007c0000000

Heap:
 PSYoungGen      total 358912K, used 25757K [0x000000076b900000, 0x0000000783800000, 0x00000007c0000000)
  eden space 338944K, 7% used [0x000000076b900000,0x000000076d227540,0x0000000780400000)
  from space 19968K, 0% used [0x0000000782480000,0x0000000782480000,0x0000000783800000)
  to   space 26624K, 0% used [0x0000000780400000,0x0000000780400000,0x0000000781e00000)
 ParOldGen       total 124928K, used 21191K [0x00000006c2a00000, 0x00000006ca400000, 0x000000076b900000)
  object space 124928K, 16% used [0x00000006c2a00000,0x00000006c3eb1c50,0x00000006ca400000)
 Metaspace       used 34294K, capacity 36272K, committed 36392K, reserved 1081344K
  class space    used 4422K, capacity 4776K, committed 4784K, reserved 1048576K

Card table byte_map: [0x0000019a75600000,0x0000019a75df0000] byte_map_base: 0x0000019a71feb000

Marking Bits: (ParMarkBitMap*) 0x000000005cb44fb0
 Begin Bits: [0x0000019a76340000, 0x0000019a7a298000)
 End Bits:   [0x0000019a7a298000, 0x0000019a7e1f0000)

Polling page: 0x0000019a73830000

CodeCache: size=245760Kb used=11089Kb max_used=12717Kb free=234670Kb
 bounds [0x0000019a00000000, 0x0000019a00ca0000, 0x0000019a0f000000]
 total_blobs=3527 nmethods=3085 adapters=354
 compilation: enabled

Compilation events (10 events):
Event: 5.523 Thread 0x0000019a10276800 nmethod 3612 0x0000019a0024e210 code [0x0000019a0024e400, 0x0000019a0024efe0]
Event: 5.523 Thread 0x0000019a10276800 3613       1       sun.reflect.generics.tree.MethodTypeSignature::getFormalTypeParameters (5 bytes)
Event: 5.523 Thread 0x0000019a10276800 nmethod 3613 0x0000019a001bebd0 code [0x0000019a001bed20, 0x0000019a001bee38]
Event: 5.524 Thread 0x0000019a10276800 3616   !   3       java.util.concurrent.ConcurrentHashMap::putVal (362 bytes)
Event: 5.525 Thread 0x0000019a10276800 nmethod 3616 0x0000019a006b0250 code [0x0000019a006b0500, 0x0000019a006b1e60]
Event: 5.525 Thread 0x0000019a10276800 3621       3       org.springframework.core.ResolvableType::forMethodParameter (40 bytes)
Event: 5.525 Thread 0x0000019a10276800 nmethod 3621 0x0000019a00148b90 code [0x0000019a00148da0, 0x0000019a00149790]
Event: 5.533 Thread 0x0000019a10276800 3624       1       org.springframework.core.annotation.AnnotationTypeMapping::getSource (5 bytes)
Event: 5.533 Thread 0x0000019a10276800 nmethod 3624 0x0000019a006aff90 code [0x0000019a006b00e0, 0x0000019a006b01f8]
Event: 5.536 Thread 0x0000019a10276800 3626       3       sun.reflect.ClassFileAssembler::append (30 bytes)

GC Heap History (10 events):
Event: 2.684 GC heap before
{Heap before GC invocations=6 (full 1):
 PSYoungGen      total 122368K, used 122310K [0x000000076b900000, 0x0000000774780000, 0x00000007c0000000)
  eden space 117248K, 100% used [0x000000076b900000,0x0000000772b80000,0x0000000772b80000)
  from space 5120K, 98% used [0x0000000774280000,0x0000000774771940,0x0000000774780000)
  to   space 10752K, 0% used [0x0000000773280000,0x0000000773280000,0x0000000773d00000)
 ParOldGen       total 80896K, used 4975K [0x00000006c2a00000, 0x00000006c7900000, 0x000000076b900000)
  object space 80896K, 6% used [0x00000006c2a00000,0x00000006c2edbdd0,0x00000006c7900000)
 Metaspace       used 22213K, capacity 23634K, committed 23728K, reserved 1069056K
  class space    used 2898K, capacity 3183K, committed 3248K, reserved 1048576K
Event: 2.699 GC heap after
Heap after GC invocations=6 (full 1):
 PSYoungGen      total 135168K, used 10751K [0x000000076b900000, 0x000000077a500000, 0x00000007c0000000)
  eden space 124416K, 0% used [0x000000076b900000,0x000000076b900000,0x0000000773280000)
  from space 10752K, 99% used [0x0000000773280000,0x0000000773cfff68,0x0000000773d00000)
  to   space 16896K, 0% used [0x0000000779480000,0x0000000779480000,0x000000077a500000)
 ParOldGen       total 80896K, used 10310K [0x00000006c2a00000, 0x00000006c7900000, 0x000000076b900000)
  object space 80896K, 12% used [0x00000006c2a00000,0x00000006c3411b18,0x00000006c7900000)
 Metaspace       used 22213K, capacity 23634K, committed 23728K, reserved 1069056K
  class space    used 2898K, capacity 3183K, committed 3248K, reserved 1048576K
}
Event: 3.276 GC heap before
{Heap before GC invocations=7 (full 1):
 PSYoungGen      total 135168K, used 135167K [0x000000076b900000, 0x000000077a500000, 0x00000007c0000000)
  eden space 124416K, 100% used [0x000000076b900000,0x0000000773280000,0x0000000773280000)
  from space 10752K, 99% used [0x0000000773280000,0x0000000773cfff68,0x0000000773d00000)
  to   space 16896K, 0% used [0x0000000779480000,0x0000000779480000,0x000000077a500000)
 ParOldGen       total 80896K, used 10310K [0x00000006c2a00000, 0x00000006c7900000, 0x000000076b900000)
  object space 80896K, 12% used [0x00000006c2a00000,0x00000006c3411b18,0x00000006c7900000)
 Metaspace       used 22323K, capacity 23702K, committed 23984K, reserved 1071104K
  class space    used 2913K, capacity 3183K, committed 3248K, reserved 1048576K
Event: 3.291 GC heap after
Heap after GC invocations=7 (full 1):
 PSYoungGen      total 218624K, used 16885K [0x000000076b900000, 0x000000077ba80000, 0x00000007c0000000)
  eden space 201728K, 0% used [0x000000076b900000,0x000000076b900000,0x0000000777e00000)
  from space 16896K, 99% used [0x0000000779480000,0x000000077a4fd550,0x000000077a500000)
  to   space 23040K, 0% used [0x0000000777e00000,0x0000000777e00000,0x0000000779480000)
 ParOldGen       total 80896K, used 15377K [0x00000006c2a00000, 0x00000006c7900000, 0x000000076b900000)
  object space 80896K, 19% used [0x00000006c2a00000,0x00000006c39047c0,0x00000006c7900000)
 Metaspace       used 22323K, capacity 23702K, committed 23984K, reserved 1071104K
  class space    used 2913K, capacity 3183K, committed 3248K, reserved 1048576K
}
Event: 4.551 GC heap before
{Heap before GC invocations=8 (full 1):
 PSYoungGen      total 218624K, used 218613K [0x000000076b900000, 0x000000077ba80000, 0x00000007c0000000)
  eden space 201728K, 100% used [0x000000076b900000,0x0000000777e00000,0x0000000777e00000)
  from space 16896K, 99% used [0x0000000779480000,0x000000077a4fd550,0x000000077a500000)
  to   space 23040K, 0% used [0x0000000777e00000,0x0000000777e00000,0x0000000779480000)
 ParOldGen       total 80896K, used 15377K [0x00000006c2a00000, 0x00000006c7900000, 0x000000076b900000)
  object space 80896K, 19% used [0x00000006c2a00000,0x00000006c39047c0,0x00000006c7900000)
 Metaspace       used 25965K, capacity 27638K, committed 27824K, reserved 1073152K
  class space    used 3426K, capacity 3747K, committed 3760K, reserved 1048576K
Event: 4.571 GC heap after
Heap after GC invocations=8 (full 1):
 PSYoungGen      total 224768K, used 22763K [0x000000076b900000, 0x0000000783f00000, 0x00000007c0000000)
  eden space 201728K, 0% used [0x000000076b900000,0x000000076b900000,0x0000000777e00000)
  from space 23040K, 98% used [0x0000000777e00000,0x000000077943ad38,0x0000000779480000)
  to   space 27136K, 0% used [0x0000000782480000,0x0000000782480000,0x0000000783f00000)
 ParOldGen       total 80896K, used 15385K [0x00000006c2a00000, 0x00000006c7900000, 0x000000076b900000)
  object space 80896K, 19% used [0x00000006c2a00000,0x00000006c39067c0,0x00000006c7900000)
 Metaspace       used 25965K, capacity 27638K, committed 27824K, reserved 1073152K
  class space    used 3426K, capacity 3747K, committed 3760K, reserved 1048576K
}
Event: 5.369 GC heap before
{Heap before GC invocations=9 (full 1):
 PSYoungGen      total 224768K, used 137767K [0x000000076b900000, 0x0000000783f00000, 0x00000007c0000000)
  eden space 201728K, 57% used [0x000000076b900000,0x000000077294ef10,0x0000000777e00000)
  from space 23040K, 98% used [0x0000000777e00000,0x000000077943ad38,0x0000000779480000)
  to   space 27136K, 0% used [0x0000000782480000,0x0000000782480000,0x0000000783f00000)
 ParOldGen       total 80896K, used 15385K [0x00000006c2a00000, 0x00000006c7900000, 0x000000076b900000)
  object space 80896K, 19% used [0x00000006c2a00000,0x00000006c39067c0,0x00000006c7900000)
 Metaspace       used 33384K, capacity 35296K, committed 35496K, reserved 1081344K
  class space    used 4296K, capacity 4632K, committed 4656K, reserved 1048576K
Event: 5.383 GC heap after
Heap after GC invocations=9 (full 1):
 PSYoungGen      total 358912K, used 14383K [0x000000076b900000, 0x0000000783800000, 0x00000007c0000000)
  eden space 338944K, 0% used [0x000000076b900000,0x000000076b900000,0x0000000780400000)
  from space 19968K, 72% used [0x0000000782480000,0x000000078328bea8,0x0000000783800000)
  to   space 26624K, 0% used [0x0000000780400000,0x0000000780400000,0x0000000781e00000)
 ParOldGen       total 80896K, used 17889K [0x00000006c2a00000, 0x00000006c7900000, 0x000000076b900000)
  object space 80896K, 22% used [0x00000006c2a00000,0x00000006c3b787d0,0x00000006c7900000)
 Metaspace       used 33384K, capacity 35296K, committed 35496K, reserved 1081344K
  class space    used 4296K, capacity 4632K, committed 4656K, reserved 1048576K
}
Event: 5.383 GC heap before
{Heap before GC invocations=10 (full 2):
 PSYoungGen      total 358912K, used 14383K [0x000000076b900000, 0x0000000783800000, 0x00000007c0000000)
  eden space 338944K, 0% used [0x000000076b900000,0x000000076b900000,0x0000000780400000)
  from space 19968K, 72% used [0x0000000782480000,0x000000078328bea8,0x0000000783800000)
  to   space 26624K, 0% used [0x0000000780400000,0x0000000780400000,0x0000000781e00000)
 ParOldGen       total 80896K, used 17889K [0x00000006c2a00000, 0x00000006c7900000, 0x000000076b900000)
  object space 80896K, 22% used [0x00000006c2a00000,0x00000006c3b787d0,0x00000006c7900000)
 Metaspace       used 33384K, capacity 35296K, committed 35496K, reserved 1081344K
  class space    used 4296K, capacity 4632K, committed 4656K, reserved 1048576K
Event: 5.426 GC heap after
Heap after GC invocations=10 (full 2):
 PSYoungGen      total 358912K, used 0K [0x000000076b900000, 0x0000000783800000, 0x00000007c0000000)
  eden space 338944K, 0% used [0x000000076b900000,0x000000076b900000,0x0000000780400000)
  from space 19968K, 0% used [0x0000000782480000,0x0000000782480000,0x0000000783800000)
  to   space 26624K, 0% used [0x0000000780400000,0x0000000780400000,0x0000000781e00000)
 ParOldGen       total 124928K, used 21191K [0x00000006c2a00000, 0x00000006ca400000, 0x000000076b900000)
  object space 124928K, 16% used [0x00000006c2a00000,0x00000006c3eb1c50,0x00000006ca400000)
 Metaspace       used 33384K, capacity 35296K, committed 35496K, reserved 1081344K
  class space    used 4296K, capacity 4632K, committed 4656K, reserved 1048576K
}

Deoptimization events (10 events):
Event: 5.295 Thread 0x0000019a738ca800 Uncommon trap: reason=class_check action=maybe_recompile pc=0x0000019a0080775c method=org.springframework.core.type.classreading.CachingMetadataReaderFactory.getMetadataReader(Lorg/springframework/core/io/Resource;)Lorg/springframework/core/type/classread
Event: 5.296 Thread 0x0000019a738ca800 Uncommon trap: reason=class_check action=maybe_recompile pc=0x0000019a0080775c method=org.springframework.core.type.classreading.CachingMetadataReaderFactory.getMetadataReader(Lorg/springframework/core/io/Resource;)Lorg/springframework/core/type/classread
Event: 5.296 Thread 0x0000019a738ca800 Uncommon trap: reason=class_check action=maybe_recompile pc=0x0000019a0080775c method=org.springframework.core.type.classreading.CachingMetadataReaderFactory.getMetadataReader(Lorg/springframework/core/io/Resource;)Lorg/springframework/core/type/classread
Event: 5.296 Thread 0x0000019a738ca800 Uncommon trap: reason=class_check action=maybe_recompile pc=0x0000019a0080775c method=org.springframework.core.type.classreading.CachingMetadataReaderFactory.getMetadataReader(Lorg/springframework/core/io/Resource;)Lorg/springframework/core/type/classread
Event: 5.305 Thread 0x0000019a738ca800 Uncommon trap: reason=unstable_if action=reinterpret pc=0x0000019a0021d214 method=java.lang.AbstractStringBuilder.append(Ljava/lang/String;)Ljava/lang/AbstractStringBuilder; @ 1
Event: 5.336 Thread 0x0000019a738ca800 Uncommon trap: reason=speculate_class_check action=maybe_recompile pc=0x0000019a007d0534 method=java.nio.charset.CharsetEncoder.replaceWith([B)Ljava/nio/charset/CharsetEncoder; @ 53
Event: 5.336 Thread 0x0000019a738ca800 Uncommon trap: reason=speculate_class_check action=maybe_recompile pc=0x0000019a007c3d90 method=java.nio.charset.CharsetDecoder.replaceWith(Ljava/lang/String;)Ljava/nio/charset/CharsetDecoder; @ 63
Event: 5.455 Thread 0x0000019a738ca800 Uncommon trap: reason=class_check action=maybe_recompile pc=0x0000019a0050c9b8 method=java.util.regex.Pattern$Curly.match0(Ljava/util/regex/Matcher;IILjava/lang/CharSequence;)Z @ 170
Event: 5.509 Thread 0x0000019a738ca800 Uncommon trap: reason=bimorphic action=maybe_recompile pc=0x0000019a0046f608 method=java.util.HashMap.putVal(ILjava/lang/Object;Ljava/lang/Object;ZZ)Ljava/lang/Object; @ 253
Event: 5.514 Thread 0x0000019a738ca800 Uncommon trap: reason=unstable_if action=reinterpret pc=0x0000019a003eae90 method=java.util.concurrent.ConcurrentHashMap.putVal(Ljava/lang/Object;Ljava/lang/Object;Z)Ljava/lang/Object; @ 331

Classes redefined (0 events):
No events

Internal exceptions (10 events):
Event: 5.305 Thread 0x0000019a738ca800 Implicit null exception at 0x0000019a0021ce56 to 0x0000019a0021d1fd
Event: 5.512 Thread 0x0000019a738ca800 Exception <a 'java/lang/ClassNotFoundException': java/lang/ObjectCustomizer> (0x000000076c8c0e10) thrown at [C:\jenkins\workspace\8-2-build-windows-amd64-cygwin\jdk8u261\295\hotspot\src\share\vm\classfile\systemDictionary.cpp, line 210]
Event: 5.513 Thread 0x0000019a738ca800 Exception <a 'java/lang/ClassNotFoundException': org/apache/ibatis/session/defaults/DefaultSqlSessionFactoryCustomizer> (0x000000076c8e3930) thrown at [C:\jenkins\workspace\8-2-build-windows-amd64-cygwin\jdk8u261\295\hotspot\src\share\vm\classfile\systemD
Event: 5.513 Thread 0x0000019a738ca800 Exception <a 'java/lang/ClassNotFoundException': org/apache/ibatis/session/SqlSessionFactoryCustomizer> (0x000000076c905d80) thrown at [C:\jenkins\workspace\8-2-build-windows-amd64-cygwin\jdk8u261\295\hotspot\src\share\vm\classfile\systemDictionary.cpp, l
Event: 5.520 Thread 0x0000019a738ca800 Exception <a 'java/lang/ClassNotFoundException': java/lang/ObjectCustomizer> (0x000000076c9ce1e8) thrown at [C:\jenkins\workspace\8-2-build-windows-amd64-cygwin\jdk8u261\295\hotspot\src\share\vm\classfile\systemDictionary.cpp, line 210]
Event: 5.521 Thread 0x0000019a738ca800 Exception <a 'java/lang/ClassNotFoundException': org/mybatis/spring/SqlSessionTemplateCustomizer> (0x000000076c9e9788) thrown at [C:\jenkins\workspace\8-2-build-windows-amd64-cygwin\jdk8u261\295\hotspot\src\share\vm\classfile\systemDictionary.cpp, line 21
Event: 5.523 Thread 0x0000019a738ca800 Exception <a 'java/lang/ClassNotFoundException': org/apache/ibatis/session/SqlSessionCustomizer> (0x000000076ca385c8) thrown at [C:\jenkins\workspace\8-2-build-windows-amd64-cygwin\jdk8u261\295\hotspot\src\share\vm\classfile\systemDictionary.cpp, line 210
Event: 5.523 Thread 0x0000019a738ca800 Exception <a 'java/lang/ClassNotFoundException': org/springframework/beans/factory/DisposableBeanCustomizer> (0x000000076ca71ec0) thrown at [C:\jenkins\workspace\8-2-build-windows-amd64-cygwin\jdk8u261\295\hotspot\src\share\vm\classfile\systemDictionary.c
Event: 5.533 Thread 0x0000019a738ca800 Exception <a 'java/lang/ClassNotFoundException': java/lang/ObjectCustomizer> (0x000000076cb5c878) thrown at [C:\jenkins\workspace\8-2-build-windows-amd64-cygwin\jdk8u261\295\hotspot\src\share\vm\classfile\systemDictionary.cpp, line 210]
Event: 5.534 Thread 0x0000019a738ca800 Exception <a 'java/lang/ClassNotFoundException': com/controller/PublicControlCustomizer> (0x000000076cb74920) thrown at [C:\jenkins\workspace\8-2-build-windows-amd64-cygwin\jdk8u261\295\hotspot\src\share\vm\classfile\systemDictionary.cpp, line 210]

Events (10 events):
Event: 5.534 loading class com/controller/PublicControlCustomizer
Event: 5.534 loading class com/controller/PublicControlCustomizer done
Event: 5.534 loading class com/controller/PublicControlCustomizer
Event: 5.534 loading class com/controller/PublicControlCustomizer done
Event: 5.534 loading class org/json/simple/JSONObject
Event: 5.534 loading class org/json/simple/JSONObject done
Event: 5.535 loading class org/json/simple/JSONAware
Event: 5.535 loading class org/json/simple/JSONAware done
Event: 5.535 loading class org/json/simple/JSONStreamAware
Event: 5.535 loading class org/json/simple/JSONStreamAware done


Dynamic libraries:
0x00007ff7591d0000 - 0x00007ff759217000 	D:\Java\bin\java.exe
0x00007ffa28470000 - 0x00007ffa28665000 	C:\WINDOWS\SYSTEM32\ntdll.dll
0x00007ffa26c40000 - 0x00007ffa26cfe000 	C:\WINDOWS\System32\KERNEL32.DLL
0x00007ffa25b80000 - 0x00007ffa25e48000 	C:\WINDOWS\System32\KERNELBASE.dll
0x00007ffa26b90000 - 0x00007ffa26c3e000 	C:\WINDOWS\System32\ADVAPI32.dll
0x00007ffa268f0000 - 0x00007ffa2698e000 	C:\WINDOWS\System32\msvcrt.dll
0x00007ffa28140000 - 0x00007ffa281dc000 	C:\WINDOWS\System32\sechost.dll
0x00007ffa27380000 - 0x00007ffa274a5000 	C:\WINDOWS\System32\RPCRT4.dll
0x00007ffa27100000 - 0x00007ffa272a0000 	C:\WINDOWS\System32\USER32.dll
0x00007ffa260c0000 - 0x00007ffa260e2000 	C:\WINDOWS\System32\win32u.dll
0x00007ffa26550000 - 0x00007ffa2657b000 	C:\WINDOWS\System32\GDI32.dll
0x00007ffa26240000 - 0x00007ffa2634d000 	C:\WINDOWS\System32\gdi32full.dll
0x00007ffa25ec0000 - 0x00007ffa25f5d000 	C:\WINDOWS\System32\msvcp_win.dll
0x00007ffa260f0000 - 0x00007ffa261f0000 	C:\WINDOWS\System32\ucrtbase.dll
0x00007ffa175a0000 - 0x00007ffa1783a000 	C:\WINDOWS\WinSxS\amd64_microsoft.windows.common-controls_6595b64144ccf1df_6.0.19041.1110_none_60b5254171f9507e\COMCTL32.dll
0x00007ffa26520000 - 0x00007ffa26550000 	C:\WINDOWS\System32\IMM32.DLL
0x00007ffa1c460000 - 0x00007ffa1c475000 	D:\Java\jre\bin\vcruntime140.dll
0x00007ff9e22a0000 - 0x00007ff9e233b000 	D:\Java\jre\bin\msvcp140.dll
0x000000005c350000 - 0x000000005cbbc000 	D:\Java\jre\bin\server\jvm.dll
0x00007ffa26d00000 - 0x00007ffa26d08000 	C:\WINDOWS\System32\PSAPI.DLL
0x00007ffa200e0000 - 0x00007ffa200ea000 	C:\WINDOWS\SYSTEM32\VERSION.dll
0x00007ffa19280000 - 0x00007ffa192a7000 	C:\WINDOWS\SYSTEM32\WINMM.dll
0x00007ffa1eec0000 - 0x00007ffa1eec9000 	C:\WINDOWS\SYSTEM32\WSOCK32.dll
0x00007ffa26880000 - 0x00007ffa268eb000 	C:\WINDOWS\System32\WS2_32.dll
0x00007ffa23a70000 - 0x00007ffa23a82000 	C:\WINDOWS\SYSTEM32\kernel.appcore.dll
0x00007ffa1f540000 - 0x00007ffa1f550000 	D:\Java\jre\bin\verify.dll
0x00007ff9fe320000 - 0x00007ff9fe34b000 	D:\Java\jre\bin\java.dll
0x00007ffa000e0000 - 0x00007ffa00112000 	D:\Java\jre\bin\instrument.dll
0x00007ffa1c440000 - 0x00007ffa1c458000 	D:\Java\jre\bin\zip.dll
0x00007ffa279f0000 - 0x00007ffa28134000 	C:\WINDOWS\System32\SHELL32.dll
0x00007ffa23c70000 - 0x00007ffa24404000 	C:\WINDOWS\SYSTEM32\windows.storage.dll
0x00007ffa26d10000 - 0x00007ffa27065000 	C:\WINDOWS\System32\combase.dll
0x00007ffa255d0000 - 0x00007ffa255fe000 	C:\WINDOWS\SYSTEM32\Wldp.dll
0x00007ffa27930000 - 0x00007ffa279dd000 	C:\WINDOWS\System32\SHCORE.dll
0x00007ffa282a0000 - 0x00007ffa282f5000 	C:\WINDOWS\System32\shlwapi.dll
0x00007ffa25ac0000 - 0x00007ffa25adf000 	C:\WINDOWS\SYSTEM32\profapi.dll
0x00007ffa1c6f0000 - 0x00007ffa1c70a000 	D:\software_app\IDEA\IntelliJ IDEA 2021.3.2\bin\breakgen64.dll
0x00007ffa12d60000 - 0x00007ffa12d7c000 	D:\Java\jre\bin\net.dll
0x00007ffa25330000 - 0x00007ffa2539a000 	C:\WINDOWS\system32\mswsock.dll
0x00007ff9fd1e0000 - 0x00007ff9fd1f3000 	D:\Java\jre\bin\nio.dll
0x00007ffa20d70000 - 0x00007ffa20d7d000 	D:\Java\jre\bin\management.dll
0x00007ff9fea90000 - 0x00007ff9feaa7000 	C:\WINDOWS\system32\napinsp.dll
0x00007ff9d6d70000 - 0x00007ff9d6d8b000 	C:\WINDOWS\system32\pnrpnsp.dll
0x00007ffa226f0000 - 0x00007ffa22705000 	C:\WINDOWS\system32\wshbth.dll
0x00007ffa1ed30000 - 0x00007ffa1ed4d000 	C:\WINDOWS\system32\NLAapi.dll
0x00007ffa24fd0000 - 0x00007ffa2500b000 	C:\WINDOWS\SYSTEM32\IPHLPAPI.DLL
0x00007ffa25020000 - 0x00007ffa250eb000 	C:\WINDOWS\SYSTEM32\DNSAPI.dll
0x00007ffa279e0000 - 0x00007ffa279e8000 	C:\WINDOWS\System32\NSI.dll
0x00007ff9bac40000 - 0x00007ff9bac52000 	C:\WINDOWS\System32\winrnr.dll
0x00007ffa1a500000 - 0x00007ffa1a50a000 	C:\Windows\System32\rasadhlp.dll
0x00007ffa1a3a0000 - 0x00007ffa1a41f000 	C:\WINDOWS\System32\fwpuclnt.dll
0x00007ffa263e0000 - 0x00007ffa26407000 	C:\WINDOWS\System32\bcrypt.dll
0x00007ffa1ce40000 - 0x00007ffa1d024000 	C:\WINDOWS\SYSTEM32\dbghelp.dll
0x00007ffa26350000 - 0x00007ffa263d2000 	C:\WINDOWS\System32\bcryptPrimitives.dll

VM Arguments:
jvm_args: -ea -Didea.test.cyclic.buffer.size=1048576 -javaagent:D:\software_app\IDEA\IntelliJ IDEA 2021.3.2\lib\idea_rt.jar=51370:D:\software_app\IDEA\IntelliJ IDEA 2021.3.2\bin -Dfile.encoding=UTF-8 
java_command: com.intellij.rt.junit.JUnitStarter -ideVersion5 -junit5 com.CampusNewsApplicationTests,findall
java_class_path (initial): C:\Users\17579\.m2\repository\org\junit\platform\junit-platform-launcher\1.6.3\junit-platform-launcher-1.6.3.jar;C:\Users\17579\.m2\repository\org\apiguardian\apiguardian-api\1.1.0\apiguardian-api-1.1.0.jar;C:\Users\17579\.m2\repository\org\junit\platform\junit-platform-engine\1.6.3\junit-platform-engine-1.6.3.jar;C:\Users\17579\.m2\repository\org\opentest4j\opentest4j\1.2.0\opentest4j-1.2.0.jar;C:\Users\17579\.m2\repository\org\junit\platform\junit-platform-commons\1.6.3\junit-platform-commons-1.6.3.jar;C:\Users\17579\.m2\repository\org\junit\vintage\junit-vintage-engine\5.6.3\junit-vintage-engine-5.6.3.jar;D:\software_app\IDEA\IntelliJ IDEA 2021.3.2\lib\idea_rt.jar;D:\software_app\IDEA\IntelliJ IDEA 2021.3.2\plugins\junit\lib\junit5-rt.jar;D:\software_app\IDEA\IntelliJ IDEA 2021.3.2\plugins\junit\lib\junit-rt.jar;D:\Java\jre\lib\charsets.jar;D:\Java\jre\lib\deploy.jar;D:\Java\jre\lib\ext\access-bridge-64.jar;D:\Java\jre\lib\ext\cldrdata.jar;D:\Java\jre\lib\ext\dnsns.jar;D:\Java\jre\lib\ext\jaccess.jar;D:\Java\jre\lib\ext\jfxrt.jar;D:\Java\jre\lib\ext\localedata.jar;D:\Java\jre\lib\ext\nashorn.jar;D:\Java\jre\lib\ext\sunec.jar;D:\Java\jre\lib\ext\sunjce_provider.jar;D:\Java\jre\lib\ext\sunmscapi.jar;D:\Java\jre\lib\ext\sunpkcs11.jar;D:\Java\jre\lib\ext\zipfs.jar;D:\Java\jre\lib\javaws.jar;D:\Java\jre\lib\jce.jar;D:\Java\jre\lib\jfr.jar;D:\Java\jre\lib\jfxswt.jar;D:\Java\jre\lib\jsse.jar;D:\Java\jre\lib\management-agent.jar;D:\Java\jre\lib\plugin.jar;D:\Java\jre\lib\resources.jar;D:\Java\jre\lib\rt.jar;D:\钱贤松\project\campus_news\target\test-classes;D:\钱贤松\project\campus_news\target\classes;D:\Maven\repository\org\springframework\boot\spring-boot-starter-web\2.3.7.RELEASE\spring-boot-starter-web-2.3.7.RELEASE.jar;D:\Maven\repository\org\springframework\boot\spring-boot-starter\2.3.7.RELEASE\spring-boot-starter-2.3.7.RELEASE.jar;D:\Maven\repository\org\springframework\boot\spring-boot\2.3.7.RELEASE\spring-boot-2.3.7.RELEASE.jar;D:\Ma
Launcher Type: SUN_STANDARD

Environment Variables:
PATH=D:\software_app\anaconda;D:\software_app\anaconda\Library\mingw-w64\bin;D:\software_app\anaconda\Library\usr\bin;D:\software_app\anaconda\Library\bin;D:\software_app\anaconda\Scripts;C:\WINDOWS\system32;C:\WINDOWS;C:\WINDOWS\System32\Wbem;C:\WINDOWS\System32\WindowsPowerShell\v1.0\;C:\WINDOWS\System32\OpenSSH\;C:\Program Files (x86)\NVIDIA Corporation\PhysX\Common;C:\Program Files\NVIDIA Corporation\NVIDIA NvDLISR;D:\software_app\wechat_devtools\微信web开发者工具\dll;D:\php;tudy_pro\Extensions\MySQL5.7.26\bin;D:\software_app\Git\Git\cmd;C:\Users\17579\AppData\Local\Microsoft\WindowsApps;;C:\Users\17579\AppData\Local\Programs\Microsoft VS Code\bin;D:\software_app\IDEA\IntelliJ IDEA 2021.3.2\bin;;D:\software_app\pycharm\PyCharm 2021.3.2\bin;
USERNAME=17579
OS=Windows_NT
PROCESSOR_IDENTIFIER=Intel64 Family 6 Model 142 Stepping 12, GenuineIntel



---------------  S Y S T E M  ---------------

OS: Windows 10.0 , 64 bit Build 19041 (10.0.19041.1503)

CPU:total 8 (initial active 8) (4 cores per cpu, 2 threads per core) family 6 model 142 stepping 12, cmov, cx8, fxsr, mmx, sse, sse2, sse3, ssse3, sse4.1, sse4.2, popcnt, avx, avx2, aes, clmul, erms, 3dnowpref, lzcnt, ht, tsc, tscinvbit, bmi1, bmi2, adx

Memory: 4k page, physical 16601588k(2699812k free), swap 27087344k(5260k free)

vm_info: Java HotSpot(TM) 64-Bit Server VM (25.261-b12) for windows-amd64 JRE (1.8.0_261-b12), built on Jun 18 2020 06:56:32 by "" with unknown MS VC++:1916

time: Wed Feb 16 12:31:39 2022
timezone: 中国标准时间
elapsed time: 5 seconds (0d 0h 0m 5s)

