#
# There is insufficient memory for the Java Runtime Environment to continue.
# Native memory allocation (malloc) failed to allocate 1312176 bytes for Chunk::new
# Possible reasons:
#   The system is out of physical RAM or swap space
#   The process is running with CompressedOops enabled, and the Java Heap may be blocking the growth of the native heap
# Possible solutions:
#   Reduce memory load on the system
#   Increase physical memory or swap space
#   Check if swap backing store is full
#   Decrease Java heap size (-Xmx/-Xms)
#   Decrease number of Java threads
#   Decrease Java thread stack sizes (-Xss)
#   Set larger code cache with -XX:ReservedCodeCacheSize=
#   JVM is running with Zero Based Compressed Oops mode in which the Java heap is
#     placed in the first 32GB address space. The Java Heap base address is the
#     maximum limit for the native heap growth. Please use -XX:HeapBaseMinAddress
#     to set the Java Heap base and to place the Java Heap above 32GB virtual address.
# This output file may be truncated or incomplete.
#
#  Out of Memory Error (allocation.cpp:389), pid=9572, tid=0x00000000000052e0
#
# JRE version: Java(TM) SE Runtime Environment (8.0_261-b12) (build 1.8.0_261-b12)
# Java VM: Java HotSpot(TM) 64-Bit Server VM (25.261-b12 mixed mode windows-amd64 compressed oops)
# Failed to write core dump. Minidumps are not enabled by default on client versions of Windows
#

---------------  T H R E A D  ---------------

Current thread (0x000002037f884000):  JavaThread "C2 CompilerThread0" daemon [_thread_in_native, id=21216, stack(0x0000003182600000,0x0000003182700000)]

Stack: [0x0000003182600000,0x0000003182700000]
Native frames: (J=compiled Java code, j=interpreted, Vv=VM code, C=native code)
V  [jvm.dll+0x33e5f9]
V  [jvm.dll+0x2850e2]
V  [jvm.dll+0x285d8d]
V  [jvm.dll+0x27c895]
V  [jvm.dll+0xe4d6c]
V  [jvm.dll+0xe556c]
V  [jvm.dll+0x461812]
V  [jvm.dll+0x49cc3d]
V  [jvm.dll+0x4518c1]
V  [jvm.dll+0x44eb84]
V  [jvm.dll+0x439bc7]
V  [jvm.dll+0xbbbcb]
V  [jvm.dll+0xba22b]
V  [jvm.dll+0x24d962]
V  [jvm.dll+0x2a1cfc]
C  [ucrtbase.dll+0x21bb2]
C  [KERNEL32.DLL+0x17034]
C  [ntdll.dll+0x52651]


Current CompileTask:
C2:   5532 3502   !   4       org.springframework.core.annotation.AnnotationsScanner::processMethodHierarchy (276 bytes)


---------------  P R O C E S S  ---------------

Java Threads: ( => current thread )
  0x00000203011df800 JavaThread "Druid-ConnectionPool-Destroy-1870367457" daemon [_thread_blocked, id=3940, stack(0x0000003182e00000,0x0000003182f00000)]
  0x00000203007ca000 JavaThread "Druid-ConnectionPool-Create-1870367457" daemon [_thread_blocked, id=14456, stack(0x0000003182d00000,0x0000003182e00000)]
  0x00000203051e3000 JavaThread "mysql-cj-abandoned-connection-cleanup" daemon [_thread_blocked, id=4884, stack(0x0000003182c00000,0x0000003182d00000)]
  0x000002037f8e2000 JavaThread "Service Thread" daemon [_thread_blocked, id=6772, stack(0x0000003182a00000,0x0000003182b00000)]
  0x000002037f89d800 JavaThread "C1 CompilerThread3" daemon [_thread_blocked, id=30584, stack(0x0000003182900000,0x0000003182a00000)]
  0x000002037f88a800 JavaThread "C2 CompilerThread2" daemon [_thread_in_native, id=25168, stack(0x0000003182800000,0x0000003182900000)]
  0x000002037f884800 JavaThread "C2 CompilerThread1" daemon [_thread_in_native, id=12436, stack(0x0000003182700000,0x0000003182800000)]
=>0x000002037f884000 JavaThread "C2 CompilerThread0" daemon [_thread_in_native, id=21216, stack(0x0000003182600000,0x0000003182700000)]
  0x000002037f881800 JavaThread "Monitor Ctrl-Break" daemon [_thread_in_native, id=10884, stack(0x0000003182500000,0x0000003182600000)]
  0x000002037dad9000 JavaThread "Attach Listener" daemon [_thread_blocked, id=23292, stack(0x0000003182400000,0x0000003182500000)]
  0x000002037dad8000 JavaThread "Signal Dispatcher" daemon [_thread_blocked, id=19124, stack(0x0000003182300000,0x0000003182400000)]
  0x000002037da52000 JavaThread "Finalizer" daemon [_thread_blocked, id=9512, stack(0x0000003182200000,0x0000003182300000)]
  0x000002037da4a000 JavaThread "Reference Handler" daemon [_thread_blocked, id=2164, stack(0x0000003182100000,0x0000003182200000)]
  0x0000020362e18800 JavaThread "main" [_thread_in_Java, id=23888, stack(0x0000003181700000,0x0000003181800000)]

Other Threads:
  0x000002037da21000 VMThread [stack: 0x0000003182000000,0x0000003182100000] [id=20112]
  0x000002037f8e6000 WatcherThread [stack: 0x0000003182b00000,0x0000003182c00000] [id=15600]

VM state:not at safepoint (normal execution)

VM Mutex/Monitor currently owned by a thread: None

heap address: 0x00000006c2a00000, size: 4054 MB, Compressed Oops mode: Zero based, Oop shift amount: 3
Narrow klass base: 0x0000000000000000, Narrow klass shift: 3
Compressed class space size: 1073741824 Address: 0x00000007c0000000

Heap:
 PSYoungGen      total 221184K, used 7727K [0x000000076b900000, 0x000000077be80000, 0x00000007c0000000)
  eden space 204288K, 3% used [0x000000076b900000,0x000000076c08bf08,0x0000000778080000)
  from space 16896K, 0% used [0x0000000779700000,0x0000000779700000,0x000000077a780000)
  to   space 23040K, 0% used [0x0000000778080000,0x0000000778080000,0x0000000779700000)
 ParOldGen       total 124928K, used 21116K [0x00000006c2a00000, 0x00000006ca400000, 0x000000076b900000)
  object space 124928K, 16% used [0x00000006c2a00000,0x00000006c3e9f330,0x00000006ca400000)
 Metaspace       used 33580K, capacity 35566K, committed 35880K, reserved 1081344K
  class space    used 4329K, capacity 4697K, committed 4784K, reserved 1048576K

Card table byte_map: [0x0000020373c10000,0x0000020374400000] byte_map_base: 0x00000203705fb000

Marking Bits: (ParMarkBitMap*) 0x000000005cb44fb0
 Begin Bits: [0x0000020374950000, 0x00000203788a8000)
 End Bits:   [0x00000203788a8000, 0x000002037c800000)

Polling page: 0x0000020363020000

CodeCache: size=245760Kb used=10990Kb max_used=12483Kb free=234769Kb
 bounds [0x0000020364850000, 0x0000020365490000, 0x0000020373850000]
 total_blobs=3478 nmethods=3036 adapters=354
 compilation: enabled

Compilation events (10 events):
Event: 5.430 Thread 0x000002037f884800 3504       4       org.springframework.core.annotation.AnnotationsScanner::getBaseTypeMethods (145 bytes)
Event: 5.442 Thread 0x000002037f89d800 3584       3       java.util.ArrayList::add (54 bytes)
Event: 5.443 Thread 0x000002037f89d800 nmethod 3584 0x0000020364f26dd0 code [0x0000020364f26fc0, 0x0000020364f27800]
Event: 5.514 Thread 0x000002037f89d800 3585       3       com.sun.org.apache.xpath.internal.compiler.OpMapVector::elementAt (7 bytes)
Event: 5.514 Thread 0x000002037f89d800 nmethod 3585 0x00000203650eaf90 code [0x00000203650eb0e0, 0x00000203650eb258]
Event: 5.514 Thread 0x000002037f89d800 3586       3       com.sun.org.apache.xpath.internal.compiler.OpMap::getOp (9 bytes)
Event: 5.514 Thread 0x000002037f89d800 nmethod 3586 0x0000020364a4c7d0 code [0x0000020364a4c940, 0x0000020364a4cbb8]
Event: 5.515 Thread 0x000002037f89d800 3587       3       com.sun.org.apache.xml.internal.utils.SuballocatedIntVector::setElementAt (130 bytes)
Event: 5.515 Thread 0x000002037f89d800 nmethod 3587 0x0000020364ac4ad0 code [0x0000020364ac4c60, 0x0000020364ac52b0]
Event: 5.515 Thread 0x000002037f89d800 3589       3       com.sun.org.apache.xpath.internal.compiler.OpMapVector::setElementAt (60 bytes)

GC Heap History (10 events):
Event: 2.741 GC heap before
{Heap before GC invocations=6 (full 1):
 PSYoungGen      total 123392K, used 122931K [0x000000076b900000, 0x0000000774800000, 0x00000007c0000000)
  eden space 117760K, 100% used [0x000000076b900000,0x0000000772c00000,0x0000000772c00000)
  from space 5632K, 91% used [0x0000000774280000,0x000000077478cce0,0x0000000774800000)
  to   space 10752K, 0% used [0x0000000773300000,0x0000000773300000,0x0000000773d80000)
 ParOldGen       total 80384K, used 5053K [0x00000006c2a00000, 0x00000006c7880000, 0x000000076b900000)
  object space 80384K, 6% used [0x00000006c2a00000,0x00000006c2eef6f0,0x00000006c7880000)
 Metaspace       used 22218K, capacity 23642K, committed 23728K, reserved 1069056K
  class space    used 2898K, capacity 3183K, committed 3248K, reserved 1048576K
Event: 2.754 GC heap after
Heap after GC invocations=6 (full 1):
 PSYoungGen      total 135680K, used 10740K [0x000000076b900000, 0x000000077a780000, 0x00000007c0000000)
  eden space 124928K, 0% used [0x000000076b900000,0x000000076b900000,0x0000000773300000)
  from space 10752K, 99% used [0x0000000773300000,0x0000000773d7d1e8,0x0000000773d80000)
  to   space 16896K, 0% used [0x0000000779700000,0x0000000779700000,0x000000077a780000)
 ParOldGen       total 80384K, used 10531K [0x00000006c2a00000, 0x00000006c7880000, 0x000000076b900000)
  object space 80384K, 13% used [0x00000006c2a00000,0x00000006c3448fd8,0x00000006c7880000)
 Metaspace       used 22218K, capacity 23642K, committed 23728K, reserved 1069056K
  class space    used 2898K, capacity 3183K, committed 3248K, reserved 1048576K
}
Event: 3.254 GC heap before
{Heap before GC invocations=7 (full 1):
 PSYoungGen      total 135680K, used 135668K [0x000000076b900000, 0x000000077a780000, 0x00000007c0000000)
  eden space 124928K, 100% used [0x000000076b900000,0x0000000773300000,0x0000000773300000)
  from space 10752K, 99% used [0x0000000773300000,0x0000000773d7d1e8,0x0000000773d80000)
  to   space 16896K, 0% used [0x0000000779700000,0x0000000779700000,0x000000077a780000)
 ParOldGen       total 80384K, used 10531K [0x00000006c2a00000, 0x00000006c7880000, 0x000000076b900000)
  object space 80384K, 13% used [0x00000006c2a00000,0x00000006c3448fd8,0x00000006c7880000)
 Metaspace       used 22318K, capacity 23710K, committed 23984K, reserved 1071104K
  class space    used 2913K, capacity 3183K, committed 3248K, reserved 1048576K
Event: 3.271 GC heap after
Heap after GC invocations=7 (full 1):
 PSYoungGen      total 221184K, used 16894K [0x000000076b900000, 0x000000077be80000, 0x00000007c0000000)
  eden space 204288K, 0% used [0x000000076b900000,0x000000076b900000,0x0000000778080000)
  from space 16896K, 99% used [0x0000000779700000,0x000000077a77fba0,0x000000077a780000)
  to   space 23040K, 0% used [0x0000000778080000,0x0000000778080000,0x0000000779700000)
 ParOldGen       total 80384K, used 15381K [0x00000006c2a00000, 0x00000006c7880000, 0x000000076b900000)
  object space 80384K, 19% used [0x00000006c2a00000,0x00000006c3905758,0x00000006c7880000)
 Metaspace       used 22318K, capacity 23710K, committed 23984K, reserved 1071104K
  class space    used 2913K, capacity 3183K, committed 3248K, reserved 1048576K
}
Event: 4.453 GC heap before
{Heap before GC invocations=8 (full 1):
 PSYoungGen      total 221184K, used 221182K [0x000000076b900000, 0x000000077be80000, 0x00000007c0000000)
  eden space 204288K, 100% used [0x000000076b900000,0x0000000778080000,0x0000000778080000)
  from space 16896K, 99% used [0x0000000779700000,0x000000077a77fba0,0x000000077a780000)
  to   space 23040K, 0% used [0x0000000778080000,0x0000000778080000,0x0000000779700000)
 ParOldGen       total 80384K, used 15381K [0x00000006c2a00000, 0x00000006c7880000, 0x000000076b900000)
  object space 80384K, 19% used [0x00000006c2a00000,0x00000006c3905758,0x00000006c7880000)
 Metaspace       used 25979K, capacity 27646K, committed 27824K, reserved 1073152K
  class space    used 3426K, capacity 3747K, committed 3760K, reserved 1048576K
Event: 4.476 GC heap after
Heap after GC invocations=8 (full 1):
 PSYoungGen      total 227328K, used 22785K [0x000000076b900000, 0x000000077be80000, 0x00000007c0000000)
  eden space 204288K, 0% used [0x000000076b900000,0x000000076b900000,0x0000000778080000)
  from space 23040K, 98% used [0x0000000778080000,0x00000007796c04d8,0x0000000779700000)
  to   space 16896K, 0% used [0x0000000779700000,0x0000000779700000,0x000000077a780000)
 ParOldGen       total 80384K, used 15389K [0x00000006c2a00000, 0x00000006c7880000, 0x000000076b900000)
  object space 80384K, 19% used [0x00000006c2a00000,0x00000006c3907758,0x00000006c7880000)
 Metaspace       used 25979K, capacity 27646K, committed 27824K, reserved 1073152K
  class space    used 3426K, capacity 3747K, committed 3760K, reserved 1048576K
}
Event: 5.447 GC heap before
{Heap before GC invocations=9 (full 1):
 PSYoungGen      total 227328K, used 139587K [0x000000076b900000, 0x000000077be80000, 0x00000007c0000000)
  eden space 204288K, 57% used [0x000000076b900000,0x0000000772b10a70,0x0000000778080000)
  from space 23040K, 98% used [0x0000000778080000,0x00000007796c04d8,0x0000000779700000)
  to   space 16896K, 0% used [0x0000000779700000,0x0000000779700000,0x000000077a780000)
 ParOldGen       total 80384K, used 15389K [0x00000006c2a00000, 0x00000006c7880000, 0x000000076b900000)
  object space 80384K, 19% used [0x00000006c2a00000,0x00000006c3907758,0x00000006c7880000)
 Metaspace       used 33396K, capacity 35304K, committed 35496K, reserved 1081344K
  class space    used 4297K, capacity 4632K, committed 4656K, reserved 1048576K
Event: 5.459 GC heap after
Heap after GC invocations=9 (full 1):
 PSYoungGen      total 221184K, used 14229K [0x000000076b900000, 0x000000077be80000, 0x00000007c0000000)
  eden space 204288K, 0% used [0x000000076b900000,0x000000076b900000,0x0000000778080000)
  from space 16896K, 84% used [0x0000000779700000,0x000000077a4e55a8,0x000000077a780000)
  to   space 23040K, 0% used [0x0000000778080000,0x0000000778080000,0x0000000779700000)
 ParOldGen       total 80384K, used 17893K [0x00000006c2a00000, 0x00000006c7880000, 0x000000076b900000)
  object space 80384K, 22% used [0x00000006c2a00000,0x00000006c3b79768,0x00000006c7880000)
 Metaspace       used 33396K, capacity 35304K, committed 35496K, reserved 1081344K
  class space    used 4297K, capacity 4632K, committed 4656K, reserved 1048576K
}
Event: 5.459 GC heap before
{Heap before GC invocations=10 (full 2):
 PSYoungGen      total 221184K, used 14229K [0x000000076b900000, 0x000000077be80000, 0x00000007c0000000)
  eden space 204288K, 0% used [0x000000076b900000,0x000000076b900000,0x0000000778080000)
  from space 16896K, 84% used [0x0000000779700000,0x000000077a4e55a8,0x000000077a780000)
  to   space 23040K, 0% used [0x0000000778080000,0x0000000778080000,0x0000000779700000)
 ParOldGen       total 80384K, used 17893K [0x00000006c2a00000, 0x00000006c7880000, 0x000000076b900000)
  object space 80384K, 22% used [0x00000006c2a00000,0x00000006c3b79768,0x00000006c7880000)
 Metaspace       used 33396K, capacity 35304K, committed 35496K, reserved 1081344K
  class space    used 4297K, capacity 4632K, committed 4656K, reserved 1048576K
Event: 5.510 GC heap after
Heap after GC invocations=10 (full 2):
 PSYoungGen      total 221184K, used 0K [0x000000076b900000, 0x000000077be80000, 0x00000007c0000000)
  eden space 204288K, 0% used [0x000000076b900000,0x000000076b900000,0x0000000778080000)
  from space 16896K, 0% used [0x0000000779700000,0x0000000779700000,0x000000077a780000)
  to   space 23040K, 0% used [0x0000000778080000,0x0000000778080000,0x0000000779700000)
 ParOldGen       total 124928K, used 21116K [0x00000006c2a00000, 0x00000006ca400000, 0x000000076b900000)
  object space 124928K, 16% used [0x00000006c2a00000,0x00000006c3e9f330,0x00000006ca400000)
 Metaspace       used 33396K, capacity 35304K, committed 35496K, reserved 1081344K
  class space    used 4297K, capacity 4632K, committed 4656K, reserved 1048576K
}

Deoptimization events (10 events):
Event: 5.202 Thread 0x0000020362e18800 Uncommon trap: reason=unstable_if action=reinterpret pc=0x00000203650c4c84 method=java.util.Properties$LineReader.readLine()I @ 252
Event: 5.202 Thread 0x0000020362e18800 Uncommon trap: reason=unstable_if action=reinterpret pc=0x00000203650b4c2c method=java.util.Properties$LineReader.readLine()I @ 252
Event: 5.254 Thread 0x0000020362e18800 Uncommon trap: reason=unstable_if action=reinterpret pc=0x0000020364faeee0 method=org.springframework.beans.factory.support.AbstractBeanFactory.isTypeMatch(Ljava/lang/String;Lorg/springframework/core/ResolvableType;Z)Z @ 581
Event: 5.352 Thread 0x0000020362e18800 Uncommon trap: reason=class_check action=maybe_recompile pc=0x000002036505c0b8 method=org.springframework.core.type.classreading.CachingMetadataReaderFactory.getMetadataReader(Lorg/springframework/core/io/Resource;)Lorg/springframework/core/type/classread
Event: 5.353 Thread 0x0000020362e18800 Uncommon trap: reason=class_check action=maybe_recompile pc=0x000002036505c0b8 method=org.springframework.core.type.classreading.CachingMetadataReaderFactory.getMetadataReader(Lorg/springframework/core/io/Resource;)Lorg/springframework/core/type/classread
Event: 5.353 Thread 0x0000020362e18800 Uncommon trap: reason=class_check action=maybe_recompile pc=0x000002036505c0b8 method=org.springframework.core.type.classreading.CachingMetadataReaderFactory.getMetadataReader(Lorg/springframework/core/io/Resource;)Lorg/springframework/core/type/classread
Event: 5.353 Thread 0x0000020362e18800 Uncommon trap: reason=class_check action=maybe_recompile pc=0x000002036505c0b8 method=org.springframework.core.type.classreading.CachingMetadataReaderFactory.getMetadataReader(Lorg/springframework/core/io/Resource;)Lorg/springframework/core/type/classread
Event: 5.365 Thread 0x0000020362e18800 Uncommon trap: reason=unstable_if action=reinterpret pc=0x0000020364a68214 method=java.lang.AbstractStringBuilder.append(Ljava/lang/String;)Ljava/lang/AbstractStringBuilder; @ 1
Event: 5.407 Thread 0x0000020362e18800 Uncommon trap: reason=speculate_class_check action=maybe_recompile pc=0x0000020365022734 method=java.nio.charset.CharsetEncoder.replaceWith([B)Ljava/nio/charset/CharsetEncoder; @ 53
Event: 5.407 Thread 0x0000020362e18800 Uncommon trap: reason=speculate_class_check action=maybe_recompile pc=0x000002036501f390 method=java.nio.charset.CharsetDecoder.replaceWith(Ljava/lang/String;)Ljava/nio/charset/CharsetDecoder; @ 63

Classes redefined (0 events):
No events

Internal exceptions (10 events):
Event: 5.264 Thread 0x0000020362e18800 Exception <a 'java/lang/ClassNotFoundException': org/springframework/context/ApplicationListenerCustomizer> (0x00000007719a4048) thrown at [C:\jenkins\workspace\8-2-build-windows-amd64-cygwin\jdk8u261\295\hotspot\src\share\vm\classfile\systemDictionary.cp
Event: 5.264 Thread 0x0000020362e18800 Exception <a 'java/lang/ClassNotFoundException': java/util/EventListenerCustomizer> (0x00000007719af830) thrown at [C:\jenkins\workspace\8-2-build-windows-amd64-cygwin\jdk8u261\295\hotspot\src\share\vm\classfile\systemDictionary.cpp, line 210]
Event: 5.265 Thread 0x0000020362e18800 Exception <a 'java/lang/ClassNotFoundException': org/springframework/beans/factory/InitializingBeanCustomizer> (0x00000007719cbb80) thrown at [C:\jenkins\workspace\8-2-build-windows-amd64-cygwin\jdk8u261\295\hotspot\src\share\vm\classfile\systemDictionary
Event: 5.344 Thread 0x0000020362e18800 Exception <a 'java/lang/ClassNotFoundException': java/lang/ObjectCustomizer> (0x0000000772311888) thrown at [C:\jenkins\workspace\8-2-build-windows-amd64-cygwin\jdk8u261\295\hotspot\src\share\vm\classfile\systemDictionary.cpp, line 210]
Event: 5.345 Thread 0x0000020362e18800 Exception <a 'java/lang/ClassNotFoundException': org/mybatis/spring/SqlSessionFactoryBeanCustomizer> (0x000000077232d4b8) thrown at [C:\jenkins\workspace\8-2-build-windows-amd64-cygwin\jdk8u261\295\hotspot\src\share\vm\classfile\systemDictionary.cpp, line
Event: 5.347 Thread 0x0000020362e18800 Exception <a 'java/lang/ClassNotFoundException': org/springframework/beans/factory/FactoryBeanCustomizer> (0x0000000772393690) thrown at [C:\jenkins\workspace\8-2-build-windows-amd64-cygwin\jdk8u261\295\hotspot\src\share\vm\classfile\systemDictionary.cpp,
Event: 5.348 Thread 0x0000020362e18800 Exception <a 'java/lang/ClassNotFoundException': org/springframework/beans/factory/InitializingBeanCustomizer> (0x00000007723b2568) thrown at [C:\jenkins\workspace\8-2-build-windows-amd64-cygwin\jdk8u261\295\hotspot\src\share\vm\classfile\systemDictionary
Event: 5.349 Thread 0x0000020362e18800 Exception <a 'java/lang/ClassNotFoundException': org/springframework/context/ApplicationListenerCustomizer> (0x00000007723cd628) thrown at [C:\jenkins\workspace\8-2-build-windows-amd64-cygwin\jdk8u261\295\hotspot\src\share\vm\classfile\systemDictionary.cp
Event: 5.349 Thread 0x0000020362e18800 Exception <a 'java/lang/ClassNotFoundException': java/util/EventListenerCustomizer> (0x00000007723d8478) thrown at [C:\jenkins\workspace\8-2-build-windows-amd64-cygwin\jdk8u261\295\hotspot\src\share\vm\classfile\systemDictionary.cpp, line 210]
Event: 5.365 Thread 0x0000020362e18800 Implicit null exception at 0x0000020364a67e56 to 0x0000020364a681fd

Events (10 events):
Event: 5.514 loading class com/sun/org/apache/xml/internal/dtm/ref/DTMNodeListBase
Event: 5.514 loading class com/sun/org/apache/xml/internal/dtm/ref/DTMNodeListBase done
Event: 5.514 Thread 0x000002037f89d800 flushing nmethod 0x0000020364984510
Event: 5.514 loading class com/sun/org/apache/xml/internal/dtm/ref/DTMNodeList done
Event: 5.514 Thread 0x000002037f89d800 flushing nmethod 0x0000020364991210
Event: 5.514 loading class com/sun/org/apache/xpath/internal/axes/NodeSequence$IteratorCache
Event: 5.514 loading class com/sun/org/apache/xpath/internal/axes/NodeSequence$IteratorCache done
Event: 5.514 Thread 0x000002037f89d800 flushing nmethod 0x0000020364a17c90
Event: 5.515 Thread 0x000002037f89d800 flushing nmethod 0x0000020364a63f90
Event: 5.515 loading class com/sun/org/apache/xpath/internal/axes/UnionPathIterator


Dynamic libraries:
0x00007ff7591d0000 - 0x00007ff759217000 	D:\Java\bin\java.exe
0x00007ffa28470000 - 0x00007ffa28665000 	C:\WINDOWS\SYSTEM32\ntdll.dll
0x00007ffa26c40000 - 0x00007ffa26cfe000 	C:\WINDOWS\System32\KERNEL32.DLL
0x00007ffa25b80000 - 0x00007ffa25e48000 	C:\WINDOWS\System32\KERNELBASE.dll
0x00007ffa26b90000 - 0x00007ffa26c3e000 	C:\WINDOWS\System32\ADVAPI32.dll
0x00007ffa268f0000 - 0x00007ffa2698e000 	C:\WINDOWS\System32\msvcrt.dll
0x00007ffa28140000 - 0x00007ffa281dc000 	C:\WINDOWS\System32\sechost.dll
0x00007ffa27380000 - 0x00007ffa274a5000 	C:\WINDOWS\System32\RPCRT4.dll
0x00007ffa27100000 - 0x00007ffa272a0000 	C:\WINDOWS\System32\USER32.dll
0x00007ffa260c0000 - 0x00007ffa260e2000 	C:\WINDOWS\System32\win32u.dll
0x00007ffa26550000 - 0x00007ffa2657b000 	C:\WINDOWS\System32\GDI32.dll
0x00007ffa26240000 - 0x00007ffa2634d000 	C:\WINDOWS\System32\gdi32full.dll
0x00007ffa25ec0000 - 0x00007ffa25f5d000 	C:\WINDOWS\System32\msvcp_win.dll
0x00007ffa260f0000 - 0x00007ffa261f0000 	C:\WINDOWS\System32\ucrtbase.dll
0x00007ffa175a0000 - 0x00007ffa1783a000 	C:\WINDOWS\WinSxS\amd64_microsoft.windows.common-controls_6595b64144ccf1df_6.0.19041.1110_none_60b5254171f9507e\COMCTL32.dll
0x00007ffa26520000 - 0x00007ffa26550000 	C:\WINDOWS\System32\IMM32.DLL
0x00007ffa1c460000 - 0x00007ffa1c475000 	D:\Java\jre\bin\vcruntime140.dll
0x00007ff9e22a0000 - 0x00007ff9e233b000 	D:\Java\jre\bin\msvcp140.dll
0x000000005c350000 - 0x000000005cbbc000 	D:\Java\jre\bin\server\jvm.dll
0x00007ffa26d00000 - 0x00007ffa26d08000 	C:\WINDOWS\System32\PSAPI.DLL
0x00007ffa1eec0000 - 0x00007ffa1eec9000 	C:\WINDOWS\SYSTEM32\WSOCK32.dll
0x00007ffa26880000 - 0x00007ffa268eb000 	C:\WINDOWS\System32\WS2_32.dll
0x00007ffa200e0000 - 0x00007ffa200ea000 	C:\WINDOWS\SYSTEM32\VERSION.dll
0x00007ffa19280000 - 0x00007ffa192a7000 	C:\WINDOWS\SYSTEM32\WINMM.dll
0x00007ffa23a70000 - 0x00007ffa23a82000 	C:\WINDOWS\SYSTEM32\kernel.appcore.dll
0x00007ffa1f540000 - 0x00007ffa1f550000 	D:\Java\jre\bin\verify.dll
0x00007ff9fe320000 - 0x00007ff9fe34b000 	D:\Java\jre\bin\java.dll
0x00007ffa000e0000 - 0x00007ffa00112000 	D:\Java\jre\bin\instrument.dll
0x00007ffa1c440000 - 0x00007ffa1c458000 	D:\Java\jre\bin\zip.dll
0x00007ffa279f0000 - 0x00007ffa28134000 	C:\WINDOWS\System32\SHELL32.dll
0x00007ffa23c70000 - 0x00007ffa24404000 	C:\WINDOWS\SYSTEM32\windows.storage.dll
0x00007ffa26d10000 - 0x00007ffa27065000 	C:\WINDOWS\System32\combase.dll
0x00007ffa255d0000 - 0x00007ffa255fe000 	C:\WINDOWS\SYSTEM32\Wldp.dll
0x00007ffa27930000 - 0x00007ffa279dd000 	C:\WINDOWS\System32\SHCORE.dll
0x00007ffa282a0000 - 0x00007ffa282f5000 	C:\WINDOWS\System32\shlwapi.dll
0x00007ffa25ac0000 - 0x00007ffa25adf000 	C:\WINDOWS\SYSTEM32\profapi.dll
0x00007ffa1c6f0000 - 0x00007ffa1c70a000 	D:\software_app\IDEA\IntelliJ IDEA 2021.3.2\bin\breakgen64.dll
0x00007ffa12d60000 - 0x00007ffa12d7c000 	D:\Java\jre\bin\net.dll
0x00007ffa25330000 - 0x00007ffa2539a000 	C:\WINDOWS\system32\mswsock.dll
0x00007ff9fd1e0000 - 0x00007ff9fd1f3000 	D:\Java\jre\bin\nio.dll
0x00007ffa20d70000 - 0x00007ffa20d7d000 	D:\Java\jre\bin\management.dll
0x00007ff9fea90000 - 0x00007ff9feaa7000 	C:\WINDOWS\system32\napinsp.dll
0x00007ff9d6d70000 - 0x00007ff9d6d8b000 	C:\WINDOWS\system32\pnrpnsp.dll
0x00007ffa226f0000 - 0x00007ffa22705000 	C:\WINDOWS\system32\wshbth.dll
0x00007ffa1ed30000 - 0x00007ffa1ed4d000 	C:\WINDOWS\system32\NLAapi.dll
0x00007ffa24fd0000 - 0x00007ffa2500b000 	C:\WINDOWS\SYSTEM32\IPHLPAPI.DLL
0x00007ffa25020000 - 0x00007ffa250eb000 	C:\WINDOWS\SYSTEM32\DNSAPI.dll
0x00007ffa279e0000 - 0x00007ffa279e8000 	C:\WINDOWS\System32\NSI.dll
0x00007ff9bac40000 - 0x00007ff9bac52000 	C:\WINDOWS\System32\winrnr.dll
0x00007ffa1a500000 - 0x00007ffa1a50a000 	C:\Windows\System32\rasadhlp.dll
0x00007ffa1a3a0000 - 0x00007ffa1a41f000 	C:\WINDOWS\System32\fwpuclnt.dll
0x00007ffa263e0000 - 0x00007ffa26407000 	C:\WINDOWS\System32\bcrypt.dll
0x00007ffa1ce40000 - 0x00007ffa1d024000 	C:\WINDOWS\SYSTEM32\dbghelp.dll
0x00007ffa26350000 - 0x00007ffa263d2000 	C:\WINDOWS\System32\bcryptPrimitives.dll

VM Arguments:
jvm_args: -ea -Didea.test.cyclic.buffer.size=1048576 -javaagent:D:\software_app\IDEA\IntelliJ IDEA 2021.3.2\lib\idea_rt.jar=51052:D:\software_app\IDEA\IntelliJ IDEA 2021.3.2\bin -Dfile.encoding=UTF-8 
java_command: com.intellij.rt.junit.JUnitStarter -ideVersion5 -junit5 com.CampusNewsApplicationTests,findall
java_class_path (initial): C:\Users\17579\.m2\repository\org\junit\platform\junit-platform-launcher\1.6.3\junit-platform-launcher-1.6.3.jar;C:\Users\17579\.m2\repository\org\apiguardian\apiguardian-api\1.1.0\apiguardian-api-1.1.0.jar;C:\Users\17579\.m2\repository\org\junit\platform\junit-platform-engine\1.6.3\junit-platform-engine-1.6.3.jar;C:\Users\17579\.m2\repository\org\opentest4j\opentest4j\1.2.0\opentest4j-1.2.0.jar;C:\Users\17579\.m2\repository\org\junit\platform\junit-platform-commons\1.6.3\junit-platform-commons-1.6.3.jar;C:\Users\17579\.m2\repository\org\junit\vintage\junit-vintage-engine\5.6.3\junit-vintage-engine-5.6.3.jar;D:\software_app\IDEA\IntelliJ IDEA 2021.3.2\lib\idea_rt.jar;D:\software_app\IDEA\IntelliJ IDEA 2021.3.2\plugins\junit\lib\junit5-rt.jar;D:\software_app\IDEA\IntelliJ IDEA 2021.3.2\plugins\junit\lib\junit-rt.jar;D:\Java\jre\lib\charsets.jar;D:\Java\jre\lib\deploy.jar;D:\Java\jre\lib\ext\access-bridge-64.jar;D:\Java\jre\lib\ext\cldrdata.jar;D:\Java\jre\lib\ext\dnsns.jar;D:\Java\jre\lib\ext\jaccess.jar;D:\Java\jre\lib\ext\jfxrt.jar;D:\Java\jre\lib\ext\localedata.jar;D:\Java\jre\lib\ext\nashorn.jar;D:\Java\jre\lib\ext\sunec.jar;D:\Java\jre\lib\ext\sunjce_provider.jar;D:\Java\jre\lib\ext\sunmscapi.jar;D:\Java\jre\lib\ext\sunpkcs11.jar;D:\Java\jre\lib\ext\zipfs.jar;D:\Java\jre\lib\javaws.jar;D:\Java\jre\lib\jce.jar;D:\Java\jre\lib\jfr.jar;D:\Java\jre\lib\jfxswt.jar;D:\Java\jre\lib\jsse.jar;D:\Java\jre\lib\management-agent.jar;D:\Java\jre\lib\plugin.jar;D:\Java\jre\lib\resources.jar;D:\Java\jre\lib\rt.jar;D:\钱贤松\project\campus_news\target\test-classes;D:\钱贤松\project\campus_news\target\classes;D:\Maven\repository\org\springframework\boot\spring-boot-starter-web\2.3.7.RELEASE\spring-boot-starter-web-2.3.7.RELEASE.jar;D:\Maven\repository\org\springframework\boot\spring-boot-starter\2.3.7.RELEASE\spring-boot-starter-2.3.7.RELEASE.jar;D:\Maven\repository\org\springframework\boot\spring-boot\2.3.7.RELEASE\spring-boot-2.3.7.RELEASE.jar;D:\Ma
Launcher Type: SUN_STANDARD

Environment Variables:
PATH=D:\software_app\anaconda;D:\software_app\anaconda\Library\mingw-w64\bin;D:\software_app\anaconda\Library\usr\bin;D:\software_app\anaconda\Library\bin;D:\software_app\anaconda\Scripts;C:\WINDOWS\system32;C:\WINDOWS;C:\WINDOWS\System32\Wbem;C:\WINDOWS\System32\WindowsPowerShell\v1.0\;C:\WINDOWS\System32\OpenSSH\;C:\Program Files (x86)\NVIDIA Corporation\PhysX\Common;C:\Program Files\NVIDIA Corporation\NVIDIA NvDLISR;D:\software_app\wechat_devtools\微信web开发者工具\dll;D:\php;tudy_pro\Extensions\MySQL5.7.26\bin;D:\software_app\Git\Git\cmd;C:\Users\17579\AppData\Local\Microsoft\WindowsApps;;C:\Users\17579\AppData\Local\Programs\Microsoft VS Code\bin;D:\software_app\IDEA\IntelliJ IDEA 2021.3.2\bin;;D:\software_app\pycharm\PyCharm 2021.3.2\bin;
USERNAME=17579
OS=Windows_NT
PROCESSOR_IDENTIFIER=Intel64 Family 6 Model 142 Stepping 12, GenuineIntel



---------------  S Y S T E M  ---------------

OS: Windows 10.0 , 64 bit Build 19041 (10.0.19041.1503)

CPU:total 8 (initial active 8) (4 cores per cpu, 2 threads per core) family 6 model 142 stepping 12, cmov, cx8, fxsr, mmx, sse, sse2, sse3, ssse3, sse4.1, sse4.2, popcnt, avx, avx2, aes, clmul, erms, 3dnowpref, lzcnt, ht, tsc, tscinvbit, bmi1, bmi2, adx

Memory: 4k page, physical 16601588k(2580260k free), swap 27087344k(6164k free)

vm_info: Java HotSpot(TM) 64-Bit Server VM (25.261-b12) for windows-amd64 JRE (1.8.0_261-b12), built on Jun 18 2020 06:56:32 by "" with unknown MS VC++:1916

time: Wed Feb 16 12:28:23 2022
timezone: 中国标准时间
elapsed time: 5 seconds (0d 0h 0m 5s)

